<?xml version="1.0" encoding="UTF-8"?>
<!-- Generated by org.testng.reporters.JUnitReportReporter -->
<testsuite skipped="0" hostname="Aditya" name="com.crm.qa.testcases.HomePageTest" tests="2" failures="0" timestamp="09 Jun 2022 06:53:13 GMT" time="16.072" errors="0">
  <testcase name="validateDealsSummarySectionTest" time="8.501" classname="com.crm.qa.testcases.HomePageTest"/>
  <testcase name="verifyNavigationToContactsPageTest" time="7.571" classname="com.crm.qa.testcases.HomePageTest"/>
</testsuite> <!-- com.crm.qa.testcases.HomePageTest -->
