<?xml version="1.0" encoding="UTF-8"?>
<!-- Generated by org.testng.reporters.JUnitReportReporter -->
<testsuite skipped="1" hostname="Aditya" name="com.crm.qa.testcases.ContactsPageTest" tests="1" failures="0" timestamp="09 Jun 2022 05:24:14 GMT" time="0.000" errors="0">
  <testcase name="verify_create_newContact_Test" time="0.000" classname="com.crm.qa.testcases.ContactsPageTest">
    <skipped/>
  </testcase> <!-- verify_create_newContact_Test -->
</testsuite> <!-- com.crm.qa.testcases.ContactsPageTest -->
